{
  "RSpec": {
    "coverage": {
      "/Users/codefactory/Documents/visable/tobiasandre-bank/app/models/account_transaction.rb": {
        "lines": [
          null,
          null,
          1,
          1,
          1,
          1,
          null,
          1,
          1,
          1,
          null,
          1,
          null,
          1,
          7,
          null,
          null,
          1,
          7,
          2,
          null,
          5,
          null,
          null,
          null,
          1,
          2,
          null,
          null
        ]
      },
      "/Users/codefactory/Documents/visable/tobiasandre-bank/app/models/application_record.rb": {
        "lines": [
          null,
          null,
          1,
          1,
          null
        ]
      },
      "/Users/codefactory/Documents/visable/tobiasandre-bank/spec/models/account_type_spec.rb": {
        "lines": [
          null,
          null,
          1,
          null,
          1,
          1,
          1,
          1,
          1,
          null,
          null,
          null
        ]
      },
      "/Users/codefactory/Documents/visable/tobiasandre-bank/app/models/account_type.rb": {
        "lines": [
          null,
          null,
          1,
          null
        ]
      },
      "/Users/codefactory/Documents/visable/tobiasandre-bank/spec/models/bank_account_spec.rb": {
        "lines": [
          null,
          null,
          1,
          null,
          1,
          1,
          1,
          1,
          1,
          null,
          null,
          null
        ]
      },
      "/Users/codefactory/Documents/visable/tobiasandre-bank/app/models/bank_account.rb": {
        "lines": [
          null,
          null,
          1,
          1,
          1,
          null,
          1,
          1,
          1,
          null,
          1,
          null
        ]
      },
      "/Users/codefactory/Documents/visable/tobiasandre-bank/spec/models/client_spec.rb": {
        "lines": [
          null,
          null,
          1,
          null,
          1,
          1,
          1,
          1,
          1,
          null,
          null,
          null
        ]
      },
      "/Users/codefactory/Documents/visable/tobiasandre-bank/app/models/client.rb": {
        "lines": [
          null,
          null,
          1,
          1,
          1,
          1,
          1,
          1,
          1,
          null,
          1,
          null,
          1,
          null,
          1,
          16,
          16,
          null,
          null,
          1,
          0,
          null,
          null,
          1,
          0,
          null,
          null
        ]
      },
      "/Users/codefactory/Documents/visable/tobiasandre-bank/spec/models/transaction_type_spec.rb": {
        "lines": [
          null,
          null,
          1,
          null,
          1,
          1,
          1,
          1,
          1,
          null,
          null,
          null
        ]
      },
      "/Users/codefactory/Documents/visable/tobiasandre-bank/app/models/transaction_type.rb": {
        "lines": [
          null,
          null,
          1,
          1,
          null
        ]
      },
      "/Users/codefactory/Documents/visable/tobiasandre-bank/spec/models/user_client_spec.rb": {
        "lines": [
          null,
          null,
          1,
          null,
          1,
          1,
          1,
          1,
          1,
          null,
          null,
          null
        ]
      },
      "/Users/codefactory/Documents/visable/tobiasandre-bank/app/models/user_client.rb": {
        "lines": [
          null,
          null,
          1,
          1,
          1,
          null
        ]
      },
      "/Users/codefactory/Documents/visable/tobiasandre-bank/spec/models/user_spec.rb": {
        "lines": [
          null,
          null,
          1,
          null,
          1,
          1,
          1,
          1,
          1,
          null,
          null,
          null
        ]
      },
      "/Users/codefactory/Documents/visable/tobiasandre-bank/app/models/user.rb": {
        "lines": [
          null,
          null,
          1,
          null
        ]
      },
      "/Users/codefactory/Documents/visable/tobiasandre-bank/spec/services/bank_transaction_service_spec.rb": {
        "lines": [
          null,
          null,
          1,
          null,
          1,
          6,
          null,
          1,
          6,
          6,
          null,
          1,
          null,
          3,
          null,
          null,
          null,
          null,
          null,
          null,
          1,
          2,
          1,
          1,
          null,
          null,
          null,
          1,
          2,
          1,
          2,
          null,
          null,
          null,
          1,
          2,
          1,
          2,
          null,
          null,
          null,
          1,
          2,
          2,
          1,
          null,
          1,
          null,
          null,
          null,
          null,
          null,
          1,
          1,
          null,
          null,
          null,
          1,
          2,
          2,
          null,
          1,
          null,
          1,
          null,
          null,
          null,
          null,
          null,
          1,
          1,
          null,
          null,
          null,
          null
        ]
      },
      "/Users/codefactory/Documents/visable/tobiasandre-bank/app/services/bank_transaction_service.rb": {
        "lines": [
          null,
          null,
          1,
          1,
          null,
          1,
          5,
          5,
          5,
          5,
          null,
          null,
          1,
          5,
          5,
          null,
          null,
          null,
          5,
          1,
          4,
          2,
          2,
          2,
          null,
          null,
          null,
          null,
          1,
          1,
          null,
          null,
          1,
          2,
          null,
          1,
          1,
          null,
          null,
          1,
          2,
          null,
          1,
          null,
          null
        ]
      }
    },
    "timestamp": 1589753884
  }
}
